{"synthetic": false,
 "schemaVersion": "2025-09-10",
 "outputs":
 {"o": ["b1ab0d2fea169939.olean"],
  "i": "ae9ca4e6083825ff.ilean",
  "c": "a95a6bb5d5b39c18.c"},
 "log":
 [{"message":
   ".> LEAN_PATH=/Users/a/dev/UEM/formal/.lake/packages/Cli/.lake/build/lib/lean:/Users/a/dev/UEM/formal/.lake/packages/batteries/.lake/build/lib/lean:/Users/a/dev/UEM/formal/.lake/packages/Qq/.lake/build/lib/lean:/Users/a/dev/UEM/formal/.lake/packages/aesop/.lake/build/lib/lean:/Users/a/dev/UEM/formal/.lake/packages/proofwidgets/.lake/build/lib/lean:/Users/a/dev/UEM/formal/.lake/packages/importGraph/.lake/build/lib/lean:/Users/a/dev/UEM/formal/.lake/packages/LeanSearchClient/.lake/build/lib/lean:/Users/a/dev/UEM/formal/.lake/packages/plausible/.lake/build/lib/lean:/Users/a/dev/UEM/formal/.lake/packages/mathlib/.lake/build/lib/lean:/Users/a/dev/UEM/formal/.lake/build/lib/lean /Users/a/.elan/toolchains/leanprover--lean4---v4.26.0-rc2/bin/lean /Users/a/dev/UEM/formal/UEM/Basic/Dimensions.lean -o /Users/a/dev/UEM/formal/.lake/build/lib/lean/UEM/Basic/Dimensions.olean -i /Users/a/dev/UEM/formal/.lake/build/lib/lean/UEM/Basic/Dimensions.ilean -c /Users/a/dev/UEM/formal/.lake/build/ir/UEM/Basic/Dimensions.c --setup /Users/a/dev/UEM/formal/.lake/build/ir/UEM/Basic/Dimensions.setup.json --json",
   "level": "trace"}],
 "inputs":
 [["UEM.Basic.Dimensions:deps",
   [["deps",
     [["UEMFormal/UEM:extraDep", [["@UEMFormal:extraDep", "00000000000006bb"]]],
      ["imports", "00000000000006bb"]]],
    ["libs",
     [["import dynlibs", "00000000000006bb"],
      ["package external libraries", "00000000000006bb"],
      ["module dynlibs", "00000000000006bb"],
      ["module plugins", "00000000000006bb"]]]]],
  ["Lean 4.26.0, commit 9d4ad1273f6cea397c3066c2c83062a4410d16bf",
   "c1ab21c0a088cff7"],
  ["/Users/a/dev/UEM/formal/UEM/Basic/Dimensions.lean", "9fbe3de88965ef7c"],
  ["options", "00000000000006bb"],
  ["Module.leanArgs: #[]", "00000000000006bb"]],
 "depHash": "9e69a01b6fffec39"}