{"synthetic": false,
 "schemaVersion": "2025-09-10",
 "outputs":
 {"o": ["b78818a09a6be0d4.olean"],
  "i": "a7525ec3f439bb40.ilean",
  "c": "0646015246fd9bdf.c"},
 "log":
 [{"message":
   ".> LEAN_PATH=/Users/a/dev/UEM/formal/.lake/packages/Cli/.lake/build/lib/lean:/Users/a/dev/UEM/formal/.lake/packages/batteries/.lake/build/lib/lean:/Users/a/dev/UEM/formal/.lake/packages/Qq/.lake/build/lib/lean:/Users/a/dev/UEM/formal/.lake/packages/aesop/.lake/build/lib/lean:/Users/a/dev/UEM/formal/.lake/packages/proofwidgets/.lake/build/lib/lean:/Users/a/dev/UEM/formal/.lake/packages/importGraph/.lake/build/lib/lean:/Users/a/dev/UEM/formal/.lake/packages/LeanSearchClient/.lake/build/lib/lean:/Users/a/dev/UEM/formal/.lake/packages/plausible/.lake/build/lib/lean:/Users/a/dev/UEM/formal/.lake/packages/mathlib/.lake/build/lib/lean:/Users/a/dev/UEM/formal/.lake/build/lib/lean /Users/a/.elan/toolchains/leanprover--lean4---v4.26.0-rc2/bin/lean /Users/a/dev/UEM/formal/UEM/Basic/DirectSum.lean -o /Users/a/dev/UEM/formal/.lake/build/lib/lean/UEM/Basic/DirectSum.olean -i /Users/a/dev/UEM/formal/.lake/build/lib/lean/UEM/Basic/DirectSum.ilean -c /Users/a/dev/UEM/formal/.lake/build/ir/UEM/Basic/DirectSum.c --setup /Users/a/dev/UEM/formal/.lake/build/ir/UEM/Basic/DirectSum.setup.json --json",
   "level": "trace"}],
 "inputs":
 [["UEM.Basic.DirectSum:deps",
   [["deps",
     [["UEMFormal/UEM:extraDep", [["@UEMFormal:extraDep", "00000000000006bb"]]],
      ["imports",
       [["Mathlib.Algebra.Group.Defs transitive imports (legacy)",
         "c9bc16adaeb6d631"],
        ["Mathlib.Algebra.Group.Defs:importAllArts", "1c558f29436afd47"]]]]],
    ["libs",
     [["import dynlibs", "00000000000006bb"],
      ["package external libraries", "00000000000006bb"],
      ["module dynlibs", "00000000000006bb"],
      ["module plugins", "00000000000006bb"]]]]],
  ["Lean 4.26.0, commit 9d4ad1273f6cea397c3066c2c83062a4410d16bf",
   "c1ab21c0a088cff7"],
  ["/Users/a/dev/UEM/formal/UEM/Basic/DirectSum.lean", "a27239dbadd98d0d"],
  ["options", "00000000000006bb"],
  ["Module.leanArgs: #[]", "00000000000006bb"]],
 "depHash": "7270f4f1dbd8cf28"}