{"synthetic": false,
 "schemaVersion": "2025-09-10",
 "outputs":
 {"o": ["e284db52b1108758.olean"],
  "i": "82d13d5aa60a8a98.ilean",
  "c": "695cac28fbab414e.c"},
 "log":
 [{"message":
   ".> LEAN_PATH=/Users/a/dev/UEM/formal/.lake/packages/Cli/.lake/build/lib/lean:/Users/a/dev/UEM/formal/.lake/packages/batteries/.lake/build/lib/lean:/Users/a/dev/UEM/formal/.lake/packages/Qq/.lake/build/lib/lean:/Users/a/dev/UEM/formal/.lake/packages/aesop/.lake/build/lib/lean:/Users/a/dev/UEM/formal/.lake/packages/proofwidgets/.lake/build/lib/lean:/Users/a/dev/UEM/formal/.lake/packages/importGraph/.lake/build/lib/lean:/Users/a/dev/UEM/formal/.lake/packages/LeanSearchClient/.lake/build/lib/lean:/Users/a/dev/UEM/formal/.lake/packages/plausible/.lake/build/lib/lean:/Users/a/dev/UEM/formal/.lake/packages/mathlib/.lake/build/lib/lean:/Users/a/dev/UEM/formal/.lake/build/lib/lean /Users/a/.elan/toolchains/leanprover--lean4---v4.26.0-rc2/bin/lean /Users/a/dev/UEM/formal/UEM/Theorems/P2_SparkeMonoid.lean -o /Users/a/dev/UEM/formal/.lake/build/lib/lean/UEM/Theorems/P2_SparkeMonoid.olean -i /Users/a/dev/UEM/formal/.lake/build/lib/lean/UEM/Theorems/P2_SparkeMonoid.ilean -c /Users/a/dev/UEM/formal/.lake/build/ir/UEM/Theorems/P2_SparkeMonoid.c --setup /Users/a/dev/UEM/formal/.lake/build/ir/UEM/Theorems/P2_SparkeMonoid.setup.json --json",
   "level": "trace"}],
 "inputs":
 [["UEM.Theorems.P2_SparkeMonoid:deps",
   [["deps",
     [["UEMFormal/UEM:extraDep", [["@UEMFormal:extraDep", "00000000000006bb"]]],
      ["imports",
       [["UEM.Objects.Sparke transitive imports (legacy)", "85d30d2f27434954"],
        ["UEM.Objects.Sparke:importAllArts", "d700a50d93ae66e8"],
        ["Mathlib.Algebra.Group.Defs transitive imports (legacy)",
         "c9bc16adaeb6d631"],
        ["Mathlib.Algebra.Group.Defs:importAllArts", "1c558f29436afd47"],
        ["Mathlib.Data.Set.Basic transitive imports (legacy)",
         "a694a32e9e6315c1"],
        ["Mathlib.Data.Set.Basic:importAllArts", "ae5c1c9cdee0ff45"]]]]],
    ["libs",
     [["import dynlibs", "00000000000006bb"],
      ["package external libraries", "00000000000006bb"],
      ["module dynlibs", "00000000000006bb"],
      ["module plugins", "00000000000006bb"]]]]],
  ["Lean 4.26.0, commit 9d4ad1273f6cea397c3066c2c83062a4410d16bf",
   "c1ab21c0a088cff7"],
  ["/Users/a/dev/UEM/formal/UEM/Theorems/P2_SparkeMonoid.lean",
   "5c2a07acd15f7642"],
  ["options", "00000000000006bb"],
  ["Module.leanArgs: #[]", "00000000000006bb"]],
 "depHash": "e7847febd971a68d"}