{"synthetic": false,
 "schemaVersion": "2025-09-10",
 "outputs":
 {"o": ["d47e90410a145ee2.olean"],
  "i": "a98a35ac204ecdec.ilean",
  "c": "eaadee743343e5f9.c"},
 "log":
 [{"message":
   ".> LEAN_PATH=/Users/a/dev/UEM/formal/.lake/packages/Cli/.lake/build/lib/lean:/Users/a/dev/UEM/formal/.lake/packages/batteries/.lake/build/lib/lean:/Users/a/dev/UEM/formal/.lake/packages/Qq/.lake/build/lib/lean:/Users/a/dev/UEM/formal/.lake/packages/aesop/.lake/build/lib/lean:/Users/a/dev/UEM/formal/.lake/packages/proofwidgets/.lake/build/lib/lean:/Users/a/dev/UEM/formal/.lake/packages/importGraph/.lake/build/lib/lean:/Users/a/dev/UEM/formal/.lake/packages/LeanSearchClient/.lake/build/lib/lean:/Users/a/dev/UEM/formal/.lake/packages/plausible/.lake/build/lib/lean:/Users/a/dev/UEM/formal/.lake/packages/mathlib/.lake/build/lib/lean:/Users/a/dev/UEM/formal/.lake/build/lib/lean /Users/a/.elan/toolchains/leanprover--lean4---v4.26.0-rc2/bin/lean /Users/a/dev/UEM/formal/UEM.lean -o /Users/a/dev/UEM/formal/.lake/build/lib/lean/UEM.olean -i /Users/a/dev/UEM/formal/.lake/build/lib/lean/UEM.ilean -c /Users/a/dev/UEM/formal/.lake/build/ir/UEM.c --setup /Users/a/dev/UEM/formal/.lake/build/ir/UEM.setup.json --json",
   "level": "trace"}],
 "inputs":
 [["UEM:deps",
   [["deps",
     [["UEMFormal/UEM:extraDep", [["@UEMFormal:extraDep", "00000000000006bb"]]],
      ["imports",
       [["UEM.Basic.Val transitive imports (legacy)", "5286e187018834d5"],
        ["UEM.Basic.Val:importAllArts", "ebd4dbf30d138a9a"],
        ["UEM.Basic.DirectSum transitive imports (legacy)", "5286e187018834d5"],
        ["UEM.Basic.DirectSum:importAllArts", "646607d5d01550e4"],
        ["UEM.Basic.NullProjection transitive imports (legacy)",
         "00000000000006bb"],
        ["UEM.Basic.NullProjection:importAllArts", "d9d372894b3593ca"],
        ["UEM.Basic.Dimensions transitive imports (legacy)",
         "00000000000006bb"],
        ["UEM.Basic.Dimensions:importAllArts", "7ff3909ed56ff7c8"],
        ["UEM.Objects.Sparke transitive imports (legacy)", "85d30d2f27434954"],
        ["UEM.Objects.Sparke:importAllArts", "d700a50d93ae66e8"],
        ["UEM.Objects.Hierarchy transitive imports (legacy)",
         "b6fa5413ff937576"],
        ["UEM.Objects.Hierarchy:importAllArts", "2e7d28af3189442f"],
        ["UEM.System.State transitive imports (legacy)", "9c9d1d7efa9d740a"],
        ["UEM.System.State:importAllArts", "d3bf2572e9385c74"],
        ["UEM.Theorems.P1_NullProjection transitive imports (legacy)",
         "323fd9123b539187"],
        ["UEM.Theorems.P1_NullProjection:importAllArts", "95fc49d78ba5366d"],
        ["UEM.Theorems.P2_SparkeMonoid transitive imports (legacy)",
         "f8f076adc73e12c2"],
        ["UEM.Theorems.P2_SparkeMonoid:importAllArts", "8a0ade5b238378fc"]]]]],
    ["libs",
     [["import dynlibs", "00000000000006bb"],
      ["package external libraries", "00000000000006bb"],
      ["module dynlibs", "00000000000006bb"],
      ["module plugins", "00000000000006bb"]]]]],
  ["Lean 4.26.0, commit 9d4ad1273f6cea397c3066c2c83062a4410d16bf",
   "c1ab21c0a088cff7"],
  ["/Users/a/dev/UEM/formal/UEM.lean", "da794691ae84fc16"],
  ["options", "00000000000006bb"],
  ["Module.leanArgs: #[]", "00000000000006bb"]],
 "depHash": "7b819784056656db"}